<?xml version="1.0" encoding="UTF-8"?>
<testsuite xmlns:xsi="http://www.w3.org/2001/XMLSchema-instance" xsi:noNamespaceSchemaLocation="https://maven.apache.org/surefire/maven-surefire-plugin/xsd/surefire-test-report.xsd" version="3.0.2" name="com.selenium.AppTest" time="0.42" tests="6" errors="0" skipped="0" failures="1">
  <properties>
[...]
</properties>
  <testcase name="test1(int, int, int)[1]" classname="com.selenium.AppTest" time="0.109"/>
  <testcase name="test1(int, int, int)[2]" classname="com.selenium.AppTest" time="0.004"/>
  <testcase name="test1(int, int, int)[3]" classname="com.selenium.AppTest" time="0.006"/>
  <testcase name="test1(int, int, int)[4]" classname="com.selenium.AppTest" time="0.004"/>
  <testcase name="test2" classname="com.selenium.AppTest" time="0.003"/>
  <testcase name="test3" classname="com.selenium.AppTest" time="0.017">
    <failure message="expected: &lt;-5&gt; but was: &lt;-4&gt;" type="org.opentest4j.AssertionFailedError"><![CDATA[org.opentest4j.AssertionFailedError: expected: <-5> but was: <-4>
	at org.junit.jupiter.api.AssertionFailureBuilder.build(AssertionFailureBuilder.java:151)
	at org.junit.jupiter.api.AssertionFailureBuilder.buildAndThrow(AssertionFailureBuilder.java:132)
	at org.junit.jupiter.api.AssertEquals.failNotEqual(AssertEquals.java:197)
	at org.junit.jupiter.api.AssertEquals.assertEquals(AssertEquals.java:150)
	at org.junit.jupiter.api.AssertEquals.assertEquals(AssertEquals.java:145)
	at org.junit.jupiter.api.Assertions.assertEquals(Assertions.java:531)
	at com.selenium.AppTest.test3(AppTest.java:39)
	at java.base/java.lang.reflect.Method.invoke(Method.java:569)
	at java.base/java.util.ArrayList.forEach(ArrayList.java:1511)
	at java.base/java.util.ArrayList.forEach(ArrayList.java:1511)
]]></failure>
  </testcase>
</testsuite>